Traceback (most recent call last):
  File "/opt/hostedtoolcache/Python/3.9.23/x64/lib/python3.9/site-packages/jupyter_core/utils/__init__.py", line 154, in wrapped
    asyncio.get_running_loop()
RuntimeError: no running event loop

During handling of the above exception, another exception occurred:

Traceback (most recent call last):
  File "/opt/hostedtoolcache/Python/3.9.23/x64/lib/python3.9/site-packages/jupyter_cache/executors/utils.py", line 58, in single_nb_execution
    executenb(
  File "/opt/hostedtoolcache/Python/3.9.23/x64/lib/python3.9/site-packages/nbclient/client.py", line 1319, in execute
    return NotebookClient(nb=nb, resources=resources, km=km, **kwargs).execute()
  File "/opt/hostedtoolcache/Python/3.9.23/x64/lib/python3.9/site-packages/jupyter_core/utils/__init__.py", line 158, in wrapped
    return loop.run_until_complete(inner)
  File "/opt/hostedtoolcache/Python/3.9.23/x64/lib/python3.9/asyncio/base_events.py", line 647, in run_until_complete
    return future.result()
  File "/opt/hostedtoolcache/Python/3.9.23/x64/lib/python3.9/site-packages/nbclient/client.py", line 709, in async_execute
    await self.async_execute_cell(
  File "/opt/hostedtoolcache/Python/3.9.23/x64/lib/python3.9/site-packages/nbclient/client.py", line 1062, in async_execute_cell
    await self._check_raise_for_error(cell, cell_index, exec_reply)
  File "/opt/hostedtoolcache/Python/3.9.23/x64/lib/python3.9/site-packages/nbclient/client.py", line 918, in _check_raise_for_error
    raise CellExecutionError.from_cell_and_msg(cell, exec_reply_content)
nbclient.exceptions.CellExecutionError: An error occurred while executing the following cell:
------------------
from spycci.systems import System
water = System("../example_files/water.json")
print(water)
------------------


[0;31m---------------------------------------------------------------------------[0m
[0;31mKeyError[0m                                  Traceback (most recent call last)
Cell [0;32mIn[2], line 2[0m
[1;32m      1[0m [38;5;28;01mfrom[39;00m[38;5;250m [39m[38;5;21;01mspycci[39;00m[38;5;21;01m.[39;00m[38;5;21;01msystems[39;00m[38;5;250m [39m[38;5;28;01mimport[39;00m System
[0;32m----> 2[0m water [38;5;241m=[39m [43mSystem[49m[43m([49m[38;5;124;43m"[39;49m[38;5;124;43m../example_files/water.json[39;49m[38;5;124;43m"[39;49m[43m)[49m
[1;32m      3[0m [38;5;28mprint[39m(water)

File [0;32m/opt/hostedtoolcache/Python/3.9.23/x64/lib/python3.9/site-packages/spycci/systems.py:81[0m, in [0;36mSystem.__init__[0;34m(self, molecule, charge, spin, box_side, geometry)[0m
[1;32m     79[0m     [38;5;28mself[39m[38;5;241m.[39m__box_side [38;5;241m=[39m data[[38;5;124m"[39m[38;5;124mBox Side[39m[38;5;124m"[39m]
[1;32m     80[0m     [38;5;28mself[39m[38;5;241m.[39m__geometry [38;5;241m=[39m MolecularGeometry()[38;5;241m.[39mfrom_dict(data[[38;5;124m"[39m[38;5;124mGeometry[39m[38;5;124m"[39m])
[0;32m---> 81[0m     [38;5;28mself[39m[38;5;241m.[39mproperties [38;5;241m=[39m [43mProperties[49m[43m([49m[43m)[49m[38;5;241;43m.[39;49m[43mfrom_dict[49m[43m([49m[43mdata[49m[43m[[49m[38;5;124;43m"[39;49m[38;5;124;43mProperties[39;49m[38;5;124;43m"[39;49m[43m][49m[43m)[49m
[1;32m     82[0m     [38;5;28mself[39m[38;5;241m.[39mflags [38;5;241m=[39m data[[38;5;124m"[39m[38;5;124mFlags[39m[38;5;124m"[39m]
[1;32m     84[0m [38;5;28;01melif[39;00m geometry [38;5;129;01mis[39;00m [38;5;129;01mnot[39;00m [38;5;28;01mNone[39;00m:

File [0;32m/opt/hostedtoolcache/Python/3.9.23/x64/lib/python3.9/site-packages/spycci/core/properties.py:264[0m, in [0;36mProperties.from_dict[0;34m(cls, data)[0m
[1;32m    262[0m obj [38;5;241m=[39m [38;5;28mcls[39m()
[1;32m    263[0m obj[38;5;241m.[39m__level_of_theory_electronic [38;5;241m=[39m data[[38;5;124m"[39m[38;5;124mLevel of theory electronic[39m[38;5;124m"[39m]
[0;32m--> 264[0m obj[38;5;241m.[39m__level_of_theory_vibrational [38;5;241m=[39m [43mdata[49m[43m[[49m[38;5;124;43m"[39;49m[38;5;124;43mLevel of theory vibrational[39;49m[38;5;124;43m"[39;49m[43m][49m
[1;32m    265[0m obj[38;5;241m.[39m__electronic_energy [38;5;241m=[39m data[[38;5;124m"[39m[38;5;124mElectronic energy (Eh)[39m[38;5;124m"[39m]
[1;32m    266[0m obj[38;5;241m.[39m__free_energy_correction [38;5;241m=[39m data[[38;5;124m"[39m[38;5;124mFree energy correction G-E(el) (Eh)[39m[38;5;124m"[39m]

[0;31mKeyError[0m: 'Level of theory vibrational'

